<?xml version="1.0" encoding="UTF-8"?>
<!-- Generated by org.testng.reporters.JUnitXMLReporter -->
<testsuite ignored="1" hostname="Hemanth" failures="0" tests="1" name="Test" time="9.593" errors="0" timestamp="2024-04-27T15:53:54 IST">
  <testcase classname="testCases.TC_002_LoginTest" name="verify_login" time="0.973"/>
  <testcase classname="testCases.TC_001_AccountRegistrationTest" name="verify_account_registration" time="0.0">
    <ignored/>
  </testcase> <!-- verify_account_registration -->
</testsuite> <!-- Test -->
