<?xml version="1.0" encoding="UTF-8"?>
<testng-results ignored="0" total="1" passed="1" failed="0" skipped="0">
  <reporter-output>
  </reporter-output>
  <suite started-at="2024-04-27T15:53:44 IST" name="Suite" finished-at="2024-04-27T15:53:54 IST" duration-ms="9593">
    <groups>
      <group name="smoketest">
        <method signature="TC_002_LoginTest.verify_login()[pri:0, instance:testCases.TC_002_LoginTest@53f6fd09]" name="verify_login" class="testCases.TC_002_LoginTest"/>
      </group> <!-- smoketest -->
      <group name="master">
        <method signature="TC_002_LoginTest.verify_login()[pri:0, instance:testCases.TC_002_LoginTest@53f6fd09]" name="verify_login" class="testCases.TC_002_LoginTest"/>
      </group> <!-- master -->
    </groups>
    <test started-at="2024-04-27T15:53:44 IST" name="Test" finished-at="2024-04-27T15:53:54 IST" duration-ms="9593">
      <class name="testCases.TC_002_LoginTest">
        <test-method is-config="true" signature="setup(java.lang.String,java.lang.String)[pri:0, instance:testCases.TC_002_LoginTest@53f6fd09]" started-at="2024-04-27T15:53:44 IST" name="setup" finished-at="2024-04-27T15:53:53 IST" duration-ms="8502" status="PASS">
          <params>
            <param index="0">
              <value>
                <![CDATA[Windows]]>
              </value>
            </param>
            <param index="1">
              <value>
                <![CDATA[chrome]]>
              </value>
            </param>
          </params>
          <reporter-output>
          </reporter-output>
        </test-method> <!-- setup -->
        <test-method signature="verify_login()[pri:0, instance:testCases.TC_002_LoginTest@53f6fd09]" started-at="2024-04-27T15:53:53 IST" name="verify_login" finished-at="2024-04-27T15:53:54 IST" duration-ms="973" status="PASS">
          <reporter-output>
          </reporter-output>
        </test-method> <!-- verify_login -->
        <test-method is-config="true" signature="tearDown()[pri:0, instance:testCases.TC_002_LoginTest@53f6fd09]" started-at="2024-04-27T15:53:54 IST" name="tearDown" finished-at="2024-04-27T15:53:54 IST" duration-ms="90" status="PASS">
          <reporter-output>
          </reporter-output>
        </test-method> <!-- tearDown -->
      </class> <!-- testCases.TC_002_LoginTest -->
    </test> <!-- Test -->
  </suite> <!-- Suite -->
</testng-results>
